<?xml version="1.0" encoding="UTF-8"?>
<testsuite xmlns:xsi="http://www.w3.org/2001/XMLSchema-instance" xsi:noNamespaceSchemaLocation="https://maven.apache.org/surefire/maven-surefire-plugin/xsd/surefire-test-report-3.0.xsd" version="3.0" name="uk.nhs.nhsbsa.services.cucumber.runner.TestRunner" time="17.644" tests="30" errors="0" skipped="0" failures="0">
  <properties>
    <property name="sun.desktop" value="windows"/>
    <property name="awt.toolkit" value="sun.awt.windows.WToolkit"/>
    <property name="java.specification.version" value="11"/>
    <property name="sun.cpu.isalist" value="amd64"/>
    <property name="sun.jnu.encoding" value="Cp1252"/>
    <property name="java.class.path" value="C:\Users\hetar\IdeaProjects\nhsbsa-help-project\target\test-classes;C:\Users\hetar\IdeaProjects\nhsbsa-help-project\target\classes;C:\Users\hetar\.m2\repository\junit\junit\4.11\junit-4.11.jar;C:\Users\hetar\.m2\repository\org\hamcrest\hamcrest-core\1.3\hamcrest-core-1.3.jar;C:\Users\hetar\.m2\repository\org\seleniumhq\selenium\selenium-java\4.6.0\selenium-java-4.6.0.jar;C:\Users\hetar\.m2\repository\org\seleniumhq\selenium\selenium-api\4.6.0\selenium-api-4.6.0.jar;C:\Users\hetar\.m2\repository\org\seleniumhq\selenium\selenium-chrome-driver\4.6.0\selenium-chrome-driver-4.6.0.jar;C:\Users\hetar\.m2\repository\com\google\auto\service\auto-service-annotations\1.0.1\auto-service-annotations-1.0.1.jar;C:\Users\hetar\.m2\repository\com\google\auto\service\auto-service\1.0.1\auto-service-1.0.1.jar;C:\Users\hetar\.m2\repository\com\google\auto\auto-common\1.2\auto-common-1.2.jar;C:\Users\hetar\.m2\repository\org\seleniumhq\selenium\selenium-chromium-driver\4.6.0\selenium-chromium-driver-4.6.0.jar;C:\Users\hetar\.m2\repository\org\seleniumhq\selenium\selenium-json\4.6.0\selenium-json-4.6.0.jar;C:\Users\hetar\.m2\repository\org\seleniumhq\selenium\selenium-devtools-v105\4.6.0\selenium-devtools-v105-4.6.0.jar;C:\Users\hetar\.m2\repository\org\seleniumhq\selenium\selenium-devtools-v106\4.6.0\selenium-devtools-v106-4.6.0.jar;C:\Users\hetar\.m2\repository\org\seleniumhq\selenium\selenium-devtools-v107\4.6.0\selenium-devtools-v107-4.6.0.jar;C:\Users\hetar\.m2\repository\org\seleniumhq\selenium\selenium-devtools-v85\4.6.0\selenium-devtools-v85-4.6.0.jar;C:\Users\hetar\.m2\repository\org\seleniumhq\selenium\selenium-edge-driver\4.6.0\selenium-edge-driver-4.6.0.jar;C:\Users\hetar\.m2\repository\org\seleniumhq\selenium\selenium-firefox-driver\4.6.0\selenium-firefox-driver-4.6.0.jar;C:\Users\hetar\.m2\repository\org\seleniumhq\selenium\selenium-ie-driver\4.6.0\selenium-ie-driver-4.6.0.jar;C:\Users\hetar\.m2\repository\org\seleniumhq\selenium\selenium-remote-driver\4.6.0\selenium-remote-driver-4.6.0.jar;C:\Users\hetar\.m2\repository\com\beust\jcommander\1.82\jcommander-1.82.jar;C:\Users\hetar\.m2\repository\io\netty\netty-buffer\4.1.84.Final\netty-buffer-4.1.84.Final.jar;C:\Users\hetar\.m2\repository\io\netty\netty-codec-http\4.1.84.Final\netty-codec-http-4.1.84.Final.jar;C:\Users\hetar\.m2\repository\io\netty\netty-codec\4.1.84.Final\netty-codec-4.1.84.Final.jar;C:\Users\hetar\.m2\repository\io\netty\netty-handler\4.1.84.Final\netty-handler-4.1.84.Final.jar;C:\Users\hetar\.m2\repository\io\netty\netty-common\4.1.84.Final\netty-common-4.1.84.Final.jar;C:\Users\hetar\.m2\repository\io\netty\netty-transport-classes-epoll\4.1.84.Final\netty-transport-classes-epoll-4.1.84.Final.jar;C:\Users\hetar\.m2\repository\io\netty\netty-transport-classes-kqueue\4.1.84.Final\netty-transport-classes-kqueue-4.1.84.Final.jar;C:\Users\hetar\.m2\repository\io\netty\netty-transport-native-epoll\4.1.84.Final\netty-transport-native-epoll-4.1.84.Final.jar;C:\Users\hetar\.m2\repository\io\netty\netty-transport-native-kqueue\4.1.84.Final\netty-transport-native-kqueue-4.1.84.Final.jar;C:\Users\hetar\.m2\repository\io\netty\netty-transport-native-unix-common\4.1.84.Final\netty-transport-native-unix-common-4.1.84.Final.jar;C:\Users\hetar\.m2\repository\io\netty\netty-transport\4.1.84.Final\netty-transport-4.1.84.Final.jar;C:\Users\hetar\.m2\repository\io\netty\netty-resolver\4.1.84.Final\netty-resolver-4.1.84.Final.jar;C:\Users\hetar\.m2\repository\io\opentelemetry\opentelemetry-api\1.19.0\opentelemetry-api-1.19.0.jar;C:\Users\hetar\.m2\repository\io\opentelemetry\opentelemetry-context\1.19.0\opentelemetry-context-1.19.0.jar;C:\Users\hetar\.m2\repository\io\opentelemetry\opentelemetry-exporter-logging\1.19.0\opentelemetry-exporter-logging-1.19.0.jar;C:\Users\hetar\.m2\repository\io\opentelemetry\opentelemetry-sdk-metrics\1.19.0\opentelemetry-sdk-metrics-1.19.0.jar;C:\Users\hetar\.m2\repository\io\opentelemetry\opentelemetry-sdk-logs\1.19.0-alpha\opentelemetry-sdk-logs-1.19.0-alpha.jar;C:\Users\hetar\.m2\repository\io\opentelemetry\opentelemetry-api-logs\1.19.0-alpha\opentelemetry-api-logs-1.19.0-alpha.jar;C:\Users\hetar\.m2\repository\io\opentelemetry\opentelemetry-sdk-common\1.19.0\opentelemetry-sdk-common-1.19.0.jar;C:\Users\hetar\.m2\repository\io\opentelemetry\opentelemetry-sdk-extension-autoconfigure-spi\1.19.0\opentelemetry-sdk-extension-autoconfigure-spi-1.19.0.jar;C:\Users\hetar\.m2\repository\io\opentelemetry\opentelemetry-sdk-extension-autoconfigure\1.19.0-alpha\opentelemetry-sdk-extension-autoconfigure-1.19.0-alpha.jar;C:\Users\hetar\.m2\repository\io\opentelemetry\opentelemetry-exporter-common\1.19.0\opentelemetry-exporter-common-1.19.0.jar;C:\Users\hetar\.m2\repository\io\opentelemetry\opentelemetry-sdk-trace\1.19.0\opentelemetry-sdk-trace-1.19.0.jar;C:\Users\hetar\.m2\repository\io\opentelemetry\opentelemetry-sdk\1.19.0\opentelemetry-sdk-1.19.0.jar;C:\Users\hetar\.m2\repository\io\opentelemetry\opentelemetry-semconv\1.19.0-alpha\opentelemetry-semconv-1.19.0-alpha.jar;C:\Users\hetar\.m2\repository\io\ous\jtoml\2.0.0\jtoml-2.0.0.jar;C:\Users\hetar\.m2\repository\net\bytebuddy\byte-buddy\1.12.18\byte-buddy-1.12.18.jar;C:\Users\hetar\.m2\repository\org\apache\commons\commons-exec\1.3\commons-exec-1.3.jar;C:\Users\hetar\.m2\repository\org\asynchttpclient\async-http-client\2.12.3\async-http-client-2.12.3.jar;C:\Users\hetar\.m2\repository\org\asynchttpclient\async-http-client-netty-utils\2.12.3\async-http-client-netty-utils-2.12.3.jar;C:\Users\hetar\.m2\repository\io\netty\netty-codec-socks\4.1.60.Final\netty-codec-socks-4.1.60.Final.jar;C:\Users\hetar\.m2\repository\io\netty\netty-handler-proxy\4.1.60.Final\netty-handler-proxy-4.1.60.Final.jar;C:\Users\hetar\.m2\repository\io\netty\netty-transport-native-epoll\4.1.60.Final\netty-transport-native-epoll-4.1.60.Final-linux-x86_64.jar;C:\Users\hetar\.m2\repository\io\netty\netty-transport-native-kqueue\4.1.60.Final\netty-transport-native-kqueue-4.1.60.Final-osx-x86_64.jar;C:\Users\hetar\.m2\repository\org\reactivestreams\reactive-streams\1.0.3\reactive-streams-1.0.3.jar;C:\Users\hetar\.m2\repository\com\typesafe\netty\netty-reactive-streams\2.0.4\netty-reactive-streams-2.0.4.jar;C:\Users\hetar\.m2\repository\com\sun\activation\jakarta.activation\1.2.2\jakarta.activation-1.2.2.jar;C:\Users\hetar\.m2\repository\org\seleniumhq\selenium\selenium-http\4.6.0\selenium-http-4.6.0.jar;C:\Users\hetar\.m2\repository\dev\failsafe\failsafe\3.3.0\failsafe-3.3.0.jar;C:\Users\hetar\.m2\repository\org\seleniumhq\selenium\selenium-manager\4.6.0\selenium-manager-4.6.0.jar;C:\Users\hetar\.m2\repository\org\seleniumhq\selenium\selenium-safari-driver\4.6.0\selenium-safari-driver-4.6.0.jar;C:\Users\hetar\.m2\repository\org\seleniumhq\selenium\selenium-support\4.6.0\selenium-support-4.6.0.jar;C:\Users\hetar\.m2\repository\io\github\bonigarcia\webdrivermanager\5.3.1\webdrivermanager-5.3.1.jar;C:\Users\hetar\.m2\repository\org\slf4j\slf4j-api\2.0.3\slf4j-api-2.0.3.jar;C:\Users\hetar\.m2\repository\com\google\code\gson\gson\2.10\gson-2.10.jar;C:\Users\hetar\.m2\repository\com\github\docker-java\docker-java\3.2.13\docker-java-3.2.13.jar;C:\Users\hetar\.m2\repository\com\github\docker-java\docker-java-core\3.2.13\docker-java-core-3.2.13.jar;C:\Users\hetar\.m2\repository\com\github\docker-java\docker-java-api\3.2.13\docker-java-api-3.2.13.jar;C:\Users\hetar\.m2\repository\com\fasterxml\jackson\core\jackson-annotations\2.10.3\jackson-annotations-2.10.3.jar;C:\Users\hetar\.m2\repository\org\apache\commons\commons-compress\1.21\commons-compress-1.21.jar;C:\Users\hetar\.m2\repository\com\fasterxml\jackson\core\jackson-databind\2.10.3\jackson-databind-2.10.3.jar;C:\Users\hetar\.m2\repository\com\fasterxml\jackson\core\jackson-core\2.10.3\jackson-core-2.10.3.jar;C:\Users\hetar\.m2\repository\org\bouncycastle\bcpkix-jdk15on\1.64\bcpkix-jdk15on-1.64.jar;C:\Users\hetar\.m2\repository\org\bouncycastle\bcprov-jdk15on\1.64\bcprov-jdk15on-1.64.jar;C:\Users\hetar\.m2\repository\org\slf4j\jcl-over-slf4j\1.7.30\jcl-over-slf4j-1.7.30.jar;C:\Users\hetar\.m2\repository\com\github\docker-java\docker-java-transport-httpclient5\3.2.13\docker-java-transport-httpclient5-3.2.13.jar;C:\Users\hetar\.m2\repository\com\github\docker-java\docker-java-transport\3.2.13\docker-java-transport-3.2.13.jar;C:\Users\hetar\.m2\repository\net\java\dev\jna\jna\5.8.0\jna-5.8.0.jar;C:\Users\hetar\.m2\repository\org\brotli\dec\0.1.2\dec-0.1.2.jar;C:\Users\hetar\.m2\repository\org\apache\commons\commons-lang3\3.12.0\commons-lang3-3.12.0.jar;C:\Users\hetar\.m2\repository\org\apache\httpcomponents\client5\httpclient5\5.1.3\httpclient5-5.1.3.jar;C:\Users\hetar\.m2\repository\org\apache\httpcomponents\core5\httpcore5\5.1.3\httpcore5-5.1.3.jar;C:\Users\hetar\.m2\repository\org\apache\httpcomponents\core5\httpcore5-h2\5.1.3\httpcore5-h2-5.1.3.jar;C:\Users\hetar\.m2\repository\commons-codec\commons-codec\1.15\commons-codec-1.15.jar;C:\Users\hetar\.m2\repository\com\google\guava\guava\31.1-jre\guava-31.1-jre.jar;C:\Users\hetar\.m2\repository\com\google\guava\failureaccess\1.0.1\failureaccess-1.0.1.jar;C:\Users\hetar\.m2\repository\com\google\guava\listenablefuture\9999.0-empty-to-avoid-conflict-with-guava\listenablefuture-9999.0-empty-to-avoid-conflict-with-guava.jar;C:\Users\hetar\.m2\repository\com\google\code\findbugs\jsr305\3.0.2\jsr305-3.0.2.jar;C:\Users\hetar\.m2\repository\org\checkerframework\checker-qual\3.12.0\checker-qual-3.12.0.jar;C:\Users\hetar\.m2\repository\com\google\errorprone\error_prone_annotations\2.11.0\error_prone_annotations-2.11.0.jar;C:\Users\hetar\.m2\repository\com\google\j2objc\j2objc-annotations\1.3\j2objc-annotations-1.3.jar;C:\Users\hetar\.m2\repository\commons-io\commons-io\2.6\commons-io-2.6.jar;C:\Users\hetar\.m2\repository\info\cukes\cucumber-junit\1.2.5\cucumber-junit-1.2.5.jar;C:\Users\hetar\.m2\repository\info\cukes\cucumber-java\1.2.5\cucumber-java-1.2.5.jar;C:\Users\hetar\.m2\repository\info\cukes\cucumber-core\1.2.5\cucumber-core-1.2.5.jar;C:\Users\hetar\.m2\repository\info\cukes\cucumber-html\0.2.3\cucumber-html-0.2.3.jar;C:\Users\hetar\.m2\repository\info\cukes\cucumber-jvm-deps\1.0.5\cucumber-jvm-deps-1.0.5.jar;C:\Users\hetar\.m2\repository\info\cukes\gherkin\2.12.2\gherkin-2.12.2.jar;C:\Users\hetar\.m2\repository\org\apache\poi\poi-ooxml\3.17\poi-ooxml-3.17.jar;C:\Users\hetar\.m2\repository\org\apache\poi\poi\3.17\poi-3.17.jar;C:\Users\hetar\.m2\repository\org\apache\commons\commons-collections4\4.1\commons-collections4-4.1.jar;C:\Users\hetar\.m2\repository\org\apache\poi\poi-ooxml-schemas\3.17\poi-ooxml-schemas-3.17.jar;C:\Users\hetar\.m2\repository\org\apache\xmlbeans\xmlbeans\2.6.0\xmlbeans-2.6.0.jar;C:\Users\hetar\.m2\repository\stax\stax-api\1.0.1\stax-api-1.0.1.jar;C:\Users\hetar\.m2\repository\com\github\virtuald\curvesapi\1.04\curvesapi-1.04.jar;C:\Users\hetar\.m2\repository\com\vimalselvam\cucumber-extentsreport\3.0.2\cucumber-extentsreport-3.0.2.jar;C:\Users\hetar\.m2\repository\com\aventstack\extentreports\3.1.2\extentreports-3.1.2.jar;C:\Users\hetar\.m2\repository\org\freemarker\freemarker\2.3.23\freemarker-2.3.23.jar;C:\Users\hetar\.m2\repository\org\mongodb\mongodb-driver\3.3.0\mongodb-driver-3.3.0.jar;C:\Users\hetar\.m2\repository\org\mongodb\bson\3.3.0\bson-3.3.0.jar;C:\Users\hetar\.m2\repository\org\mongodb\mongodb-driver-core\3.3.0\mongodb-driver-core-3.3.0.jar;C:\Users\hetar\.m2\repository\org\apache\httpcomponents\httpclient\4.5.2\httpclient-4.5.2.jar;C:\Users\hetar\.m2\repository\org\apache\httpcomponents\httpcore\4.4.4\httpcore-4.4.4.jar;C:\Users\hetar\.m2\repository\commons-logging\commons-logging\1.2\commons-logging-1.2.jar;C:\Users\hetar\.m2\repository\org\apache\httpcomponents\httpmime\4.5.2\httpmime-4.5.2.jar;C:\Users\hetar\.m2\repository\org\jsoup\jsoup\1.9.2\jsoup-1.9.2.jar;C:\Users\hetar\.m2\repository\log4j\log4j\1.2.17\log4j-1.2.17.jar;"/>
    <property name="java.vm.vendor" value="Oracle Corporation"/>
    <property name="sun.arch.data.model" value="64"/>
    <property name="user.variant" value=""/>
    <property name="java.vendor.url" value="https://openjdk.java.net/"/>
    <property name="user.timezone" value="Europe/London"/>
    <property name="java.vm.specification.version" value="11"/>
    <property name="os.name" value="Windows 11"/>
    <property name="sun.java.launcher" value="SUN_STANDARD"/>
    <property name="user.country" value="GB"/>
    <property name="sun.boot.library.path" value="C:\Program Files\Java\jdk-11.0.17\bin"/>
    <property name="sun.java.command" value="C:\Users\hetar\AppData\Local\Temp\surefire17010009622917375822\surefirebooter-20230304174600874_3.jar C:\Users\hetar\AppData\Local\Temp\surefire17010009622917375822 2023-03-04T17-45-59_226-jvmRun1 surefire-20230304174600874_1tmp surefire_0-20230304174600874_2tmp"/>
    <property name="jdk.debug" value="release"/>
    <property name="surefire.test.class.path" value="C:\Users\hetar\IdeaProjects\nhsbsa-help-project\target\test-classes;C:\Users\hetar\IdeaProjects\nhsbsa-help-project\target\classes;C:\Users\hetar\.m2\repository\junit\junit\4.11\junit-4.11.jar;C:\Users\hetar\.m2\repository\org\hamcrest\hamcrest-core\1.3\hamcrest-core-1.3.jar;C:\Users\hetar\.m2\repository\org\seleniumhq\selenium\selenium-java\4.6.0\selenium-java-4.6.0.jar;C:\Users\hetar\.m2\repository\org\seleniumhq\selenium\selenium-api\4.6.0\selenium-api-4.6.0.jar;C:\Users\hetar\.m2\repository\org\seleniumhq\selenium\selenium-chrome-driver\4.6.0\selenium-chrome-driver-4.6.0.jar;C:\Users\hetar\.m2\repository\com\google\auto\service\auto-service-annotations\1.0.1\auto-service-annotations-1.0.1.jar;C:\Users\hetar\.m2\repository\com\google\auto\service\auto-service\1.0.1\auto-service-1.0.1.jar;C:\Users\hetar\.m2\repository\com\google\auto\auto-common\1.2\auto-common-1.2.jar;C:\Users\hetar\.m2\repository\org\seleniumhq\selenium\selenium-chromium-driver\4.6.0\selenium-chromium-driver-4.6.0.jar;C:\Users\hetar\.m2\repository\org\seleniumhq\selenium\selenium-json\4.6.0\selenium-json-4.6.0.jar;C:\Users\hetar\.m2\repository\org\seleniumhq\selenium\selenium-devtools-v105\4.6.0\selenium-devtools-v105-4.6.0.jar;C:\Users\hetar\.m2\repository\org\seleniumhq\selenium\selenium-devtools-v106\4.6.0\selenium-devtools-v106-4.6.0.jar;C:\Users\hetar\.m2\repository\org\seleniumhq\selenium\selenium-devtools-v107\4.6.0\selenium-devtools-v107-4.6.0.jar;C:\Users\hetar\.m2\repository\org\seleniumhq\selenium\selenium-devtools-v85\4.6.0\selenium-devtools-v85-4.6.0.jar;C:\Users\hetar\.m2\repository\org\seleniumhq\selenium\selenium-edge-driver\4.6.0\selenium-edge-driver-4.6.0.jar;C:\Users\hetar\.m2\repository\org\seleniumhq\selenium\selenium-firefox-driver\4.6.0\selenium-firefox-driver-4.6.0.jar;C:\Users\hetar\.m2\repository\org\seleniumhq\selenium\selenium-ie-driver\4.6.0\selenium-ie-driver-4.6.0.jar;C:\Users\hetar\.m2\repository\org\seleniumhq\selenium\selenium-remote-driver\4.6.0\selenium-remote-driver-4.6.0.jar;C:\Users\hetar\.m2\repository\com\beust\jcommander\1.82\jcommander-1.82.jar;C:\Users\hetar\.m2\repository\io\netty\netty-buffer\4.1.84.Final\netty-buffer-4.1.84.Final.jar;C:\Users\hetar\.m2\repository\io\netty\netty-codec-http\4.1.84.Final\netty-codec-http-4.1.84.Final.jar;C:\Users\hetar\.m2\repository\io\netty\netty-codec\4.1.84.Final\netty-codec-4.1.84.Final.jar;C:\Users\hetar\.m2\repository\io\netty\netty-handler\4.1.84.Final\netty-handler-4.1.84.Final.jar;C:\Users\hetar\.m2\repository\io\netty\netty-common\4.1.84.Final\netty-common-4.1.84.Final.jar;C:\Users\hetar\.m2\repository\io\netty\netty-transport-classes-epoll\4.1.84.Final\netty-transport-classes-epoll-4.1.84.Final.jar;C:\Users\hetar\.m2\repository\io\netty\netty-transport-classes-kqueue\4.1.84.Final\netty-transport-classes-kqueue-4.1.84.Final.jar;C:\Users\hetar\.m2\repository\io\netty\netty-transport-native-epoll\4.1.84.Final\netty-transport-native-epoll-4.1.84.Final.jar;C:\Users\hetar\.m2\repository\io\netty\netty-transport-native-kqueue\4.1.84.Final\netty-transport-native-kqueue-4.1.84.Final.jar;C:\Users\hetar\.m2\repository\io\netty\netty-transport-native-unix-common\4.1.84.Final\netty-transport-native-unix-common-4.1.84.Final.jar;C:\Users\hetar\.m2\repository\io\netty\netty-transport\4.1.84.Final\netty-transport-4.1.84.Final.jar;C:\Users\hetar\.m2\repository\io\netty\netty-resolver\4.1.84.Final\netty-resolver-4.1.84.Final.jar;C:\Users\hetar\.m2\repository\io\opentelemetry\opentelemetry-api\1.19.0\opentelemetry-api-1.19.0.jar;C:\Users\hetar\.m2\repository\io\opentelemetry\opentelemetry-context\1.19.0\opentelemetry-context-1.19.0.jar;C:\Users\hetar\.m2\repository\io\opentelemetry\opentelemetry-exporter-logging\1.19.0\opentelemetry-exporter-logging-1.19.0.jar;C:\Users\hetar\.m2\repository\io\opentelemetry\opentelemetry-sdk-metrics\1.19.0\opentelemetry-sdk-metrics-1.19.0.jar;C:\Users\hetar\.m2\repository\io\opentelemetry\opentelemetry-sdk-logs\1.19.0-alpha\opentelemetry-sdk-logs-1.19.0-alpha.jar;C:\Users\hetar\.m2\repository\io\opentelemetry\opentelemetry-api-logs\1.19.0-alpha\opentelemetry-api-logs-1.19.0-alpha.jar;C:\Users\hetar\.m2\repository\io\opentelemetry\opentelemetry-sdk-common\1.19.0\opentelemetry-sdk-common-1.19.0.jar;C:\Users\hetar\.m2\repository\io\opentelemetry\opentelemetry-sdk-extension-autoconfigure-spi\1.19.0\opentelemetry-sdk-extension-autoconfigure-spi-1.19.0.jar;C:\Users\hetar\.m2\repository\io\opentelemetry\opentelemetry-sdk-extension-autoconfigure\1.19.0-alpha\opentelemetry-sdk-extension-autoconfigure-1.19.0-alpha.jar;C:\Users\hetar\.m2\repository\io\opentelemetry\opentelemetry-exporter-common\1.19.0\opentelemetry-exporter-common-1.19.0.jar;C:\Users\hetar\.m2\repository\io\opentelemetry\opentelemetry-sdk-trace\1.19.0\opentelemetry-sdk-trace-1.19.0.jar;C:\Users\hetar\.m2\repository\io\opentelemetry\opentelemetry-sdk\1.19.0\opentelemetry-sdk-1.19.0.jar;C:\Users\hetar\.m2\repository\io\opentelemetry\opentelemetry-semconv\1.19.0-alpha\opentelemetry-semconv-1.19.0-alpha.jar;C:\Users\hetar\.m2\repository\io\ous\jtoml\2.0.0\jtoml-2.0.0.jar;C:\Users\hetar\.m2\repository\net\bytebuddy\byte-buddy\1.12.18\byte-buddy-1.12.18.jar;C:\Users\hetar\.m2\repository\org\apache\commons\commons-exec\1.3\commons-exec-1.3.jar;C:\Users\hetar\.m2\repository\org\asynchttpclient\async-http-client\2.12.3\async-http-client-2.12.3.jar;C:\Users\hetar\.m2\repository\org\asynchttpclient\async-http-client-netty-utils\2.12.3\async-http-client-netty-utils-2.12.3.jar;C:\Users\hetar\.m2\repository\io\netty\netty-codec-socks\4.1.60.Final\netty-codec-socks-4.1.60.Final.jar;C:\Users\hetar\.m2\repository\io\netty\netty-handler-proxy\4.1.60.Final\netty-handler-proxy-4.1.60.Final.jar;C:\Users\hetar\.m2\repository\io\netty\netty-transport-native-epoll\4.1.60.Final\netty-transport-native-epoll-4.1.60.Final-linux-x86_64.jar;C:\Users\hetar\.m2\repository\io\netty\netty-transport-native-kqueue\4.1.60.Final\netty-transport-native-kqueue-4.1.60.Final-osx-x86_64.jar;C:\Users\hetar\.m2\repository\org\reactivestreams\reactive-streams\1.0.3\reactive-streams-1.0.3.jar;C:\Users\hetar\.m2\repository\com\typesafe\netty\netty-reactive-streams\2.0.4\netty-reactive-streams-2.0.4.jar;C:\Users\hetar\.m2\repository\com\sun\activation\jakarta.activation\1.2.2\jakarta.activation-1.2.2.jar;C:\Users\hetar\.m2\repository\org\seleniumhq\selenium\selenium-http\4.6.0\selenium-http-4.6.0.jar;C:\Users\hetar\.m2\repository\dev\failsafe\failsafe\3.3.0\failsafe-3.3.0.jar;C:\Users\hetar\.m2\repository\org\seleniumhq\selenium\selenium-manager\4.6.0\selenium-manager-4.6.0.jar;C:\Users\hetar\.m2\repository\org\seleniumhq\selenium\selenium-safari-driver\4.6.0\selenium-safari-driver-4.6.0.jar;C:\Users\hetar\.m2\repository\org\seleniumhq\selenium\selenium-support\4.6.0\selenium-support-4.6.0.jar;C:\Users\hetar\.m2\repository\io\github\bonigarcia\webdrivermanager\5.3.1\webdrivermanager-5.3.1.jar;C:\Users\hetar\.m2\repository\org\slf4j\slf4j-api\2.0.3\slf4j-api-2.0.3.jar;C:\Users\hetar\.m2\repository\com\google\code\gson\gson\2.10\gson-2.10.jar;C:\Users\hetar\.m2\repository\com\github\docker-java\docker-java\3.2.13\docker-java-3.2.13.jar;C:\Users\hetar\.m2\repository\com\github\docker-java\docker-java-core\3.2.13\docker-java-core-3.2.13.jar;C:\Users\hetar\.m2\repository\com\github\docker-java\docker-java-api\3.2.13\docker-java-api-3.2.13.jar;C:\Users\hetar\.m2\repository\com\fasterxml\jackson\core\jackson-annotations\2.10.3\jackson-annotations-2.10.3.jar;C:\Users\hetar\.m2\repository\org\apache\commons\commons-compress\1.21\commons-compress-1.21.jar;C:\Users\hetar\.m2\repository\com\fasterxml\jackson\core\jackson-databind\2.10.3\jackson-databind-2.10.3.jar;C:\Users\hetar\.m2\repository\com\fasterxml\jackson\core\jackson-core\2.10.3\jackson-core-2.10.3.jar;C:\Users\hetar\.m2\repository\org\bouncycastle\bcpkix-jdk15on\1.64\bcpkix-jdk15on-1.64.jar;C:\Users\hetar\.m2\repository\org\bouncycastle\bcprov-jdk15on\1.64\bcprov-jdk15on-1.64.jar;C:\Users\hetar\.m2\repository\org\slf4j\jcl-over-slf4j\1.7.30\jcl-over-slf4j-1.7.30.jar;C:\Users\hetar\.m2\repository\com\github\docker-java\docker-java-transport-httpclient5\3.2.13\docker-java-transport-httpclient5-3.2.13.jar;C:\Users\hetar\.m2\repository\com\github\docker-java\docker-java-transport\3.2.13\docker-java-transport-3.2.13.jar;C:\Users\hetar\.m2\repository\net\java\dev\jna\jna\5.8.0\jna-5.8.0.jar;C:\Users\hetar\.m2\repository\org\brotli\dec\0.1.2\dec-0.1.2.jar;C:\Users\hetar\.m2\repository\org\apache\commons\commons-lang3\3.12.0\commons-lang3-3.12.0.jar;C:\Users\hetar\.m2\repository\org\apache\httpcomponents\client5\httpclient5\5.1.3\httpclient5-5.1.3.jar;C:\Users\hetar\.m2\repository\org\apache\httpcomponents\core5\httpcore5\5.1.3\httpcore5-5.1.3.jar;C:\Users\hetar\.m2\repository\org\apache\httpcomponents\core5\httpcore5-h2\5.1.3\httpcore5-h2-5.1.3.jar;C:\Users\hetar\.m2\repository\commons-codec\commons-codec\1.15\commons-codec-1.15.jar;C:\Users\hetar\.m2\repository\com\google\guava\guava\31.1-jre\guava-31.1-jre.jar;C:\Users\hetar\.m2\repository\com\google\guava\failureaccess\1.0.1\failureaccess-1.0.1.jar;C:\Users\hetar\.m2\repository\com\google\guava\listenablefuture\9999.0-empty-to-avoid-conflict-with-guava\listenablefuture-9999.0-empty-to-avoid-conflict-with-guava.jar;C:\Users\hetar\.m2\repository\com\google\code\findbugs\jsr305\3.0.2\jsr305-3.0.2.jar;C:\Users\hetar\.m2\repository\org\checkerframework\checker-qual\3.12.0\checker-qual-3.12.0.jar;C:\Users\hetar\.m2\repository\com\google\errorprone\error_prone_annotations\2.11.0\error_prone_annotations-2.11.0.jar;C:\Users\hetar\.m2\repository\com\google\j2objc\j2objc-annotations\1.3\j2objc-annotations-1.3.jar;C:\Users\hetar\.m2\repository\commons-io\commons-io\2.6\commons-io-2.6.jar;C:\Users\hetar\.m2\repository\info\cukes\cucumber-junit\1.2.5\cucumber-junit-1.2.5.jar;C:\Users\hetar\.m2\repository\info\cukes\cucumber-java\1.2.5\cucumber-java-1.2.5.jar;C:\Users\hetar\.m2\repository\info\cukes\cucumber-core\1.2.5\cucumber-core-1.2.5.jar;C:\Users\hetar\.m2\repository\info\cukes\cucumber-html\0.2.3\cucumber-html-0.2.3.jar;C:\Users\hetar\.m2\repository\info\cukes\cucumber-jvm-deps\1.0.5\cucumber-jvm-deps-1.0.5.jar;C:\Users\hetar\.m2\repository\info\cukes\gherkin\2.12.2\gherkin-2.12.2.jar;C:\Users\hetar\.m2\repository\org\apache\poi\poi-ooxml\3.17\poi-ooxml-3.17.jar;C:\Users\hetar\.m2\repository\org\apache\poi\poi\3.17\poi-3.17.jar;C:\Users\hetar\.m2\repository\org\apache\commons\commons-collections4\4.1\commons-collections4-4.1.jar;C:\Users\hetar\.m2\repository\org\apache\poi\poi-ooxml-schemas\3.17\poi-ooxml-schemas-3.17.jar;C:\Users\hetar\.m2\repository\org\apache\xmlbeans\xmlbeans\2.6.0\xmlbeans-2.6.0.jar;C:\Users\hetar\.m2\repository\stax\stax-api\1.0.1\stax-api-1.0.1.jar;C:\Users\hetar\.m2\repository\com\github\virtuald\curvesapi\1.04\curvesapi-1.04.jar;C:\Users\hetar\.m2\repository\com\vimalselvam\cucumber-extentsreport\3.0.2\cucumber-extentsreport-3.0.2.jar;C:\Users\hetar\.m2\repository\com\aventstack\extentreports\3.1.2\extentreports-3.1.2.jar;C:\Users\hetar\.m2\repository\org\freemarker\freemarker\2.3.23\freemarker-2.3.23.jar;C:\Users\hetar\.m2\repository\org\mongodb\mongodb-driver\3.3.0\mongodb-driver-3.3.0.jar;C:\Users\hetar\.m2\repository\org\mongodb\bson\3.3.0\bson-3.3.0.jar;C:\Users\hetar\.m2\repository\org\mongodb\mongodb-driver-core\3.3.0\mongodb-driver-core-3.3.0.jar;C:\Users\hetar\.m2\repository\org\apache\httpcomponents\httpclient\4.5.2\httpclient-4.5.2.jar;C:\Users\hetar\.m2\repository\org\apache\httpcomponents\httpcore\4.4.4\httpcore-4.4.4.jar;C:\Users\hetar\.m2\repository\commons-logging\commons-logging\1.2\commons-logging-1.2.jar;C:\Users\hetar\.m2\repository\org\apache\httpcomponents\httpmime\4.5.2\httpmime-4.5.2.jar;C:\Users\hetar\.m2\repository\org\jsoup\jsoup\1.9.2\jsoup-1.9.2.jar;C:\Users\hetar\.m2\repository\log4j\log4j\1.2.17\log4j-1.2.17.jar;"/>
    <property name="sun.cpu.endian" value="little"/>
    <property name="user.home" value="C:\Users\hetar"/>
    <property name="user.language" value="en"/>
    <property name="java.specification.vendor" value="Oracle Corporation"/>
    <property name="java.version.date" value="2022-10-18"/>
    <property name="java.home" value="C:\Program Files\Java\jdk-11.0.17"/>
    <property name="file.separator" value="\"/>
    <property name="basedir" value="C:\Users\hetar\IdeaProjects\nhsbsa-help-project"/>
    <property name="java.vm.compressedOopsMode" value="32-bit"/>
    <property name="line.separator" value="&#10;"/>
    <property name="java.specification.name" value="Java Platform API Specification"/>
    <property name="java.vm.specification.vendor" value="Oracle Corporation"/>
    <property name="java.awt.graphicsenv" value="sun.awt.Win32GraphicsEnvironment"/>
    <property name="surefire.real.class.path" value="C:\Users\hetar\AppData\Local\Temp\surefire17010009622917375822\surefirebooter-20230304174600874_3.jar"/>
    <property name="user.script" value=""/>
    <property name="sun.management.compiler" value="HotSpot 64-Bit Tiered Compilers"/>
    <property name="java.runtime.version" value="11.0.17+10-LTS-269"/>
    <property name="user.name" value="hetar"/>
    <property name="path.separator" value=";"/>
    <property name="os.version" value="10.0"/>
    <property name="java.runtime.name" value="Java(TM) SE Runtime Environment"/>
    <property name="file.encoding" value="Cp1252"/>
    <property name="java.vm.name" value="Java HotSpot(TM) 64-Bit Server VM"/>
    <property name="java.vendor.version" value="18.9"/>
    <property name="localRepository" value="C:\Users\hetar\.m2\repository"/>
    <property name="java.vendor.url.bug" value="https://bugreport.java.com/bugreport/"/>
    <property name="java.io.tmpdir" value="C:\Users\hetar\AppData\Local\Temp\"/>
    <property name="java.version" value="11.0.17"/>
    <property name="user.dir" value="C:\Users\hetar\IdeaProjects\nhsbsa-help-project"/>
    <property name="os.arch" value="amd64"/>
    <property name="java.vm.specification.name" value="Java Virtual Machine Specification"/>
    <property name="java.awt.printerjob" value="sun.awt.windows.WPrinterJob"/>
    <property name="sun.os.patch.level" value=""/>
    <property name="java.library.path" value="C:\Program Files\Java\jdk-11.0.17\bin;C:\WINDOWS\Sun\Java\bin;C:\WINDOWS\system32;C:\WINDOWS;C:\Program Files\Common Files\Oracle\Java\javapath;C:\ProgramData\Oracle\Java\javapath;C:\WINDOWS\system32;C:\WINDOWS;C:\WINDOWS\System32\Wbem;C:\WINDOWS\System32\WindowsPowerShell\v1.0\;C:\WINDOWS\System32\OpenSSH\;C:\Program Files\Java\jdk-11.0.17\bin;C:\Program Files\Apache\apache-maven-3.8.6\bin;C:\Program Files\nodejs\;C:\Program Files\Java\jdk-11.0.17\bin;C:\Program Files\Java\jdk-11.0.17\bin;C:\Program Files\Git\cmd;C:\Users\hetar\AppData\Local\Microsoft\WindowsApps;C:\Users\hetar\AppData\Roaming\npm;."/>
    <property name="java.vendor" value="Oracle Corporation"/>
    <property name="java.vm.info" value="mixed mode"/>
    <property name="java.vm.version" value="11.0.17+10-LTS-269"/>
    <property name="sun.io.unicode.encoding" value="UnicodeLittle"/>
    <property name="java.class.version" value="55.0"/>
  </properties>
  <testcase name="Given I am a citizen of the UK" classname="Scenario: Verify user is able to get help for NHS cost online services" time="0.003">
    <system-out><![CDATA[Feature: NHSBSA help functionality
  As a user I would like to know what help I can get with paying for nhs costs online services.
]]></system-out>
    <system-err><![CDATA[SLF4J: No SLF4J providers were found.
SLF4J: Defaulting to no-operation (NOP) logger implementation
SLF4J: See https://www.slf4j.org/codes.html#noProviders for further details.
Starting ChromeDriver 110.0.5481.77 (65ed616c6e8ee3fe0ad64fe83796c020644d42af-refs/branch-heads/5481@{#839}) on port 46035
Only local connections are allowed.
Please see https://chromedriver.chromium.org/security-considerations for suggestions on keeping ChromeDriver safe.
ChromeDriver was started successfully.
[1677951964.183][WARNING]: virtual void DevToolsClientImpl::AddListener(DevToolsEventListener *) subscribing a listener to the already connected DevToolsClient. Connection notification will not arrive.
Mar 04, 2023 5:46:05 PM org.openqa.selenium.devtools.CdpVersionFinder findNearestMatch
WARNING: Unable to find an exact match for CDP version 110, so returning the closest version found: 107
]]></system-err>
  </testcase>
  <testcase name="When I put my circumstances into the Checker tool" classname="Scenario: Verify user is able to get help for NHS cost online services" time="0"/>
  <testcase name="And I click on start button" classname="Scenario: Verify user is able to get help for NHS cost online services" time="0">
    <system-out><![CDATA[2023-03-04 17:46:07 INFO  StartPage :24 - Click on start button[[ChromeDriver: chrome on WINDOWS (883a0c23fd75c7cc42426adeca019bea)] -> xpath: //input[@id='next-button']]
]]></system-out>
  </testcase>
  <testcase name="And I select Country I live in" classname="Scenario: Verify user is able to get help for NHS cost online services" time="0"/>
  <testcase name="And I click on next button" classname="Scenario: Verify user is able to get help for NHS cost online services" time="0">
    <system-out><![CDATA[2023-03-04 17:46:10 INFO  WhereYouLivePage :59 - Click on next button[[ChromeDriver: chrome on WINDOWS (883a0c23fd75c7cc42426adeca019bea)] -> xpath: //input[@id='next-button']]
]]></system-out>
  </testcase>
  <testcase name="And I click on next button" classname="Scenario: Verify user is able to get help for NHS cost online services" time="0">
    <system-out><![CDATA[2023-03-04 17:46:10 INFO  WhereYouLivePage :59 - Click on next button[[ChromeDriver: chrome on WINDOWS (883a0c23fd75c7cc42426adeca019bea)] -> xpath: //input[@id='next-button']]
]]></system-out>
  </testcase>
  <testcase name="And I click on next button" classname="Scenario: Verify user is able to get help for NHS cost online services" time="0">
    <system-out><![CDATA[2023-03-04 17:46:11 INFO  WhereYouLivePage :59 - Click on next button[[ChromeDriver: chrome on WINDOWS (883a0c23fd75c7cc42426adeca019bea)] -> xpath: //input[@id='next-button']]
]]></system-out>
  </testcase>
  <testcase name="And I click on next button" classname="Scenario: Verify user is able to get help for NHS cost online services" time="0">
    <system-out><![CDATA[2023-03-04 17:46:11 INFO  WhereYouLivePage :59 - Click on next button[[ChromeDriver: chrome on WINDOWS (883a0c23fd75c7cc42426adeca019bea)] -> xpath: //input[@id='next-button']]
]]></system-out>
  </testcase>
  <testcase name="And I click on next button" classname="Scenario: Verify user is able to get help for NHS cost online services" time="0">
    <system-out><![CDATA[2023-03-04 17:46:11 INFO  WhereYouLivePage :59 - Click on next button[[ChromeDriver: chrome on WINDOWS (883a0c23fd75c7cc42426adeca019bea)] -> xpath: //input[@id='next-button']]
]]></system-out>
  </testcase>
  <testcase name="And I click on next button" classname="Scenario: Verify user is able to get help for NHS cost online services" time="0">
    <system-out><![CDATA[2023-03-04 17:46:12 INFO  WhereYouLivePage :59 - Click on next button[[ChromeDriver: chrome on WINDOWS (883a0c23fd75c7cc42426adeca019bea)] -> xpath: //input[@id='next-button']]
]]></system-out>
  </testcase>
  <testcase name="And I click on next button" classname="Scenario: Verify user is able to get help for NHS cost online services" time="0">
    <system-out><![CDATA[2023-03-04 17:46:12 INFO  WhereYouLivePage :59 - Click on next button[[ChromeDriver: chrome on WINDOWS (883a0c23fd75c7cc42426adeca019bea)] -> xpath: //input[@id='next-button']]
]]></system-out>
  </testcase>
  <testcase name="And I click on next button" classname="Scenario: Verify user is able to get help for NHS cost online services" time="0">
    <system-out><![CDATA[2023-03-04 17:46:12 INFO  WhereYouLivePage :59 - Click on next button[[ChromeDriver: chrome on WINDOWS (883a0c23fd75c7cc42426adeca019bea)] -> xpath: //input[@id='next-button']]
]]></system-out>
  </testcase>
  <testcase name="And I click on next button" classname="Scenario: Verify user is able to get help for NHS cost online services" time="0">
    <system-out><![CDATA[2023-03-04 17:46:13 INFO  WhereYouLivePage :59 - Click on next button[[ChromeDriver: chrome on WINDOWS (883a0c23fd75c7cc42426adeca019bea)] -> xpath: //input[@id='next-button']]
]]></system-out>
  </testcase>
  <testcase name="And I select yes radio button to find out my gp is in scotland or wales" classname="Scenario: Verify user is able to get help for NHS cost online services" time="0">
    <system-out><![CDATA[2023-03-04 17:46:10 INFO  GpInScotlandOrWalesPage :23 - Select GP in Scotland or Wales[[ChromeDriver: chrome on WINDOWS (883a0c23fd75c7cc42426adeca019bea)] -> xpath: //input[@id='radio-yes']]
]]></system-out>
  </testcase>
  <testcase name="And I select England as my dental practice country" classname="Scenario: Verify user is able to get help for NHS cost online services" time="0">
    <system-out><![CDATA[2023-03-04 17:46:10 INFO  DentalPracticeCountryPage :26 - Select dental practice country[[ChromeDriver: chrome on WINDOWS (883a0c23fd75c7cc42426adeca019bea)] -> xpath: //label[@id='label-england']]
]]></system-out>
  </testcase>
  <testcase name="And I enter Day &quot;01&quot; Month &quot;01&quot; Year &quot;1991&quot;" classname="Scenario: Verify user is able to get help for NHS cost online services" time="0">
    <system-out><![CDATA[2023-03-04 17:46:11 INFO  DateOfBirthPage :32 - Enter text to date of birth field[[ChromeDriver: chrome on WINDOWS (883a0c23fd75c7cc42426adeca019bea)] -> id: dob-day]
]]></system-out>
  </testcase>
  <testcase name="And I select yes radio button of I live with my partner" classname="Scenario: Verify user is able to get help for NHS cost online services" time="0">
    <system-out><![CDATA[2023-03-04 17:46:11 INFO  PartnerPage :22 - Select partner[[ChromeDriver: chrome on WINDOWS (883a0c23fd75c7cc42426adeca019bea)] -> xpath: //input[@id='radio-yes']]
]]></system-out>
  </testcase>
  <testcase name="And I click on yes radio button to confirm that I claim benefits" classname="Scenario: Verify user is able to get help for NHS cost online services" time="0">
    <system-out><![CDATA[2023-03-04 17:46:12 INFO  ClaimBenefitTaxCreditsPage :22 - Select Yes Radio Button For Claim Benefits[[ChromeDriver: chrome on WINDOWS (883a0c23fd75c7cc42426adeca019bea)] -> id: radio-yes]
]]></system-out>
  </testcase>
  <testcase name="And I select yes we receive Universal credit payments" classname="Scenario: Verify user is able to get help for NHS cost online services" time="0">
    <system-out><![CDATA[2023-03-04 17:46:12 INFO  PaidUniversalCreditPage :23 - Select paid universal credit[[ChromeDriver: chrome on WINDOWS (883a0c23fd75c7cc42426adeca019bea)] -> id: yes-universal]
]]></system-out>
  </testcase>
  <testcase name="And I select yes radio button to confirm &apos;As part of your joint Universal Credit&apos;" classname="Scenario: Verify user is able to get help for NHS cost online services" time="0.001">
    <system-out><![CDATA[2023-03-04 17:46:12 INFO  UniversalCreditClaimPage :22 - Select universal credit claim[[ChromeDriver: chrome on WINDOWS (883a0c23fd75c7cc42426adeca019bea)] -> xpath: //label[@id='label-yes']]
]]></system-out>
  </testcase>
  <testcase name="And I select yes radio button of &apos;Did you and your partner have a combined take-home pay of £935 or less in your last Universal Credit period&apos;" classname="Scenario: Verify user is able to get help for NHS cost online services" time="0">
    <system-out><![CDATA[2023-03-04 17:46:13 INFO  UniversalCreditTakeHomePayPage :24 - Select Universal take home pay[[ChromeDriver: chrome on WINDOWS (883a0c23fd75c7cc42426adeca019bea)] -> xpath: //label[@id='label-yes']]
]]></system-out>
  </testcase>
  <testcase name="Then I should get a result of whether I will get help or not" classname="Scenario: Verify user is able to get help for NHS cost online services" time="0">
    <system-out><![CDATA[2023-03-04 17:46:13 INFO  ResultClaimingQualifyingUniversalCreditPage :24 - Verify based on what textBased on what you've told us
You get help with NHS costs
]]></system-out>
  </testcase>
  <testcase name="" classname="Scenario: Verify user is able to get help for NHS cost online services" time="0.371"/>
  <testcase name="Given I am a citizen of the UK" classname="Scenario: Verify user is unable to get help for NHS cost online services when select Northern Ireland" time="0">
    <system-out><![CDATA[
  Scenario: Verify user is able to get help for NHS cost online services                                                                           &amp#27;[90m# nhshelp.feature:4&amp#27;[0m
    &amp#27;[32mGiven &amp#27;[0m&amp#27;[32mI am a citizen of the UK&amp#27;[0m                                                                                                                 &amp#27;[90m# MyStepdefs.iAmACitizenOfTheUK()&amp#27;[0m
    &amp#27;[32mWhen &amp#27;[0m&amp#27;[32mI put my circumstances into the Checker tool&amp#27;[0m                                                                                              &amp#27;[90m# MyStepdefs.iPutMyCircumstancesIntoTheCheckerTool()&amp#27;[0m
    &amp#27;[32mAnd &amp#27;[0m&amp#27;[32mI click on start button&amp#27;[0m                                                                                                                    &amp#27;[90m# MyStepdefs.iClickOnStartButton()&amp#27;[0m
    &amp#27;[32mAnd &amp#27;[0m&amp#27;[32mI select Country I live in&amp#27;[0m                                                                                                                 &amp#27;[90m# MyStepdefs.iSelectCountryILiveIn()&amp#27;[0m
    &amp#27;[32mAnd &amp#27;[0m&amp#27;[32mI click on next button&amp#27;[0m                                                                                                                     &amp#27;[90m# MyStepdefs.iClickOnNextButton()&amp#27;[0m
    &amp#27;[32mAnd &amp#27;[0m&amp#27;[32mI select yes radio button to find out my gp is in scotland or wales&amp#27;[0m                                                                        &amp#27;[90m# MyStepdefs.iSelectYesRadioButtonToFindOutMyGpIsInScotlandOrWales()&amp#27;[0m
    &amp#27;[32mAnd &amp#27;[0m&amp#27;[32mI click on next button&amp#27;[0m                                                                                                                     &amp#27;[90m# MyStepdefs.iClickOnNextButton()&amp#27;[0m
    &amp#27;[32mAnd &amp#27;[0m&amp#27;[32mI select England as my dental practice country&amp#27;[0m                                                                                             &amp#27;[90m# MyStepdefs.iSelectEnglandAsMyDentalPracticeCountry()&amp#27;[0m
    &amp#27;[32mAnd &amp#27;[0m&amp#27;[32mI click on next button&amp#27;[0m                                                                                                                     &amp#27;[90m# MyStepdefs.iClickOnNextButton()&amp#27;[0m
    &amp#27;[32mAnd &amp#27;[0m&amp#27;[32mI enter Day "&amp#27;[0m&amp#27;[32m&amp#27;[1m01&amp#27;[0m&amp#27;[32m" Month "&amp#27;[0m&amp#27;[32m&amp#27;[1m01&amp#27;[0m&amp#27;[32m" Year "&amp#27;[0m&amp#27;[32m&amp#27;[1m1991&amp#27;[0m&amp#27;[32m"&amp#27;[0m                                                                                                    &amp#27;[90m# MyStepdefs.iEnterDayMonthYear(String,String,String)&amp#27;[0m
    &amp#27;[32mAnd &amp#27;[0m&amp#27;[32mI click on next button&amp#27;[0m                                                                                                                     &amp#27;[90m# MyStepdefs.iClickOnNextButton()&amp#27;[0m
    &amp#27;[32mAnd &amp#27;[0m&amp#27;[32mI select yes radio button of I live with my partner&amp#27;[0m                                                                                        &amp#27;[90m# MyStepdefs.iSelectYesRadioButtonOfILiveWithMyPartner()&amp#27;[0m
    &amp#27;[32mAnd &amp#27;[0m&amp#27;[32mI click on next button&amp#27;[0m                                                                                                                     &amp#27;[90m# MyStepdefs.iClickOnNextButton()&amp#27;[0m
    &amp#27;[32mAnd &amp#27;[0m&amp#27;[32mI click on yes radio button to confirm that I claim benefits&amp#27;[0m                                                                               &amp#27;[90m# MyStepdefs.iClickOnYesRadioButtonToConfirmThatIClaimBenefits()&amp#27;[0m
    &amp#27;[32mAnd &amp#27;[0m&amp#27;[32mI click on next button&amp#27;[0m                                                                                                                     &amp#27;[90m# MyStepdefs.iClickOnNextButton()&amp#27;[0m
    &amp#27;[32mAnd &amp#27;[0m&amp#27;[32mI select yes we receive Universal credit payments&amp#27;[0m                                                                                          &amp#27;[90m# MyStepdefs.iSelectYesWeReceiveUniversalCreditPayments()&amp#27;[0m
    &amp#27;[32mAnd &amp#27;[0m&amp#27;[32mI click on next button&amp#27;[0m                                                                                                                     &amp#27;[90m# MyStepdefs.iClickOnNextButton()&amp#27;[0m
    &amp#27;[32mAnd &amp#27;[0m&amp#27;[32mI select yes radio button to confirm 'As part of your joint Universal Credit'&amp#27;[0m                                                              &amp#27;[90m# MyStepdefs.iSelectYesRadioButtonToConfirmAsPartOfYourJointUniversalCredit()&amp#27;[0m
    &amp#27;[32mAnd &amp#27;[0m&amp#27;[32mI click on next button&amp#27;[0m                                                                                                                     &amp#27;[90m# MyStepdefs.iClickOnNextButton()&amp#27;[0m
    &amp#27;[32mAnd &amp#27;[0m&amp#27;[32mI select yes radio button of 'Did you and your partner have a combined take-home pay of £&amp#27;[0m&amp#27;[32m&amp#27;[1m935&amp#27;[0m&amp#27;[32m or less in your last Universal Credit period'&amp#27;[0m &amp#27;[90m# MyStepdefs.iSelectYesRadioButtonOfDidYouAndYourPartnerHaveACombinedTakeHomePayOf£OrLessInYourLastUniversalCreditPeriod(int)&amp#27;[0m
    &amp#27;[32mAnd &amp#27;[0m&amp#27;[32mI click on next button&amp#27;[0m                                                                                                                     &amp#27;[90m# MyStepdefs.iClickOnNextButton()&amp#27;[0m
    &amp#27;[32mThen &amp#27;[0m&amp#27;[32mI should get a result of whether I will get help or not&amp#27;[0m                                                                                   &amp#27;[90m# MyStepdefs.iShouldGetAResultOfWhetherIWillGetHelpOrNot()&amp#27;[0m
]]></system-out>
    <system-err><![CDATA[Starting ChromeDriver 110.0.5481.77 (65ed616c6e8ee3fe0ad64fe83796c020644d42af-refs/branch-heads/5481@{#839}) on port 45927
Only local connections are allowed.
Please see https://chromedriver.chromium.org/security-considerations for suggestions on keeping ChromeDriver safe.
ChromeDriver was started successfully.
[1677951975.047][WARNING]: virtual void DevToolsClientImpl::AddListener(DevToolsEventListener *) subscribing a listener to the already connected DevToolsClient. Connection notification will not arrive.
Mar 04, 2023 5:46:15 PM org.openqa.selenium.devtools.CdpVersionFinder findNearestMatch
WARNING: Unable to find an exact match for CDP version 110, so returning the closest version found: 107
]]></system-err>
  </testcase>
  <testcase name="When I put my circumstances into the Checker tool" classname="Scenario: Verify user is unable to get help for NHS cost online services when select Northern Ireland" time="0"/>
  <testcase name="And I click on start button" classname="Scenario: Verify user is unable to get help for NHS cost online services when select Northern Ireland" time="0">
    <system-out><![CDATA[2023-03-04 17:46:17 INFO  StartPage :24 - Click on start button[[ChromeDriver: chrome on WINDOWS (31403f759cae8c3ab16af55f6cebd080)] -> xpath: //input[@id='next-button']]
]]></system-out>
  </testcase>
  <testcase name="And I select Country Northern Ireland" classname="Scenario: Verify user is unable to get help for NHS cost online services when select Northern Ireland" time="0">
    <system-out><![CDATA[2023-03-04 17:46:18 INFO  WhereYouLivePage :55 - Select Northern Ireland[[ChromeDriver: chrome on WINDOWS (31403f759cae8c3ab16af55f6cebd080)] -> xpath: //input[@id='radio-nire']]
]]></system-out>
  </testcase>
  <testcase name="And I click on next button" classname="Scenario: Verify user is unable to get help for NHS cost online services when select Northern Ireland" time="0">
    <system-out><![CDATA[2023-03-04 17:46:18 INFO  WhereYouLivePage :59 - Click on next button[[ChromeDriver: chrome on WINDOWS (31403f759cae8c3ab16af55f6cebd080)] -> xpath: //input[@id='next-button']]
]]></system-out>
  </testcase>
  <testcase name="Then I should not get NHS help service as I live in Northern Ireland" classname="Scenario: Verify user is unable to get help for NHS cost online services when select Northern Ireland" time="0">
    <system-out><![CDATA[2023-03-04 17:46:18 INFO  ServiceNotNorthernIrelandPage :23 - Verify you cannot use this service textYou cannot use this service because you live in Northern Ireland
]]></system-out>
  </testcase>
  <testcase name="" classname="Scenario: Verify user is unable to get help for NHS cost online services when select Northern Ireland" time="0.18"/>
</testsuite>